{
  "RSpec": {
    "coverage": {
      "/home/gorgeous-linter-6758/tic-tac-toe-rb-online-web-sp-000/lib/tic_tac_toe.rb": [
        1,
        5,
        5,
        5,
        5,
        5,
        null,
        null,
        null,
        1,
        10,
        null,
        null,
        1,
        3,
        null,
        null,
        1,
        0,
        null,
        null,
        1,
        8,
        0,
        null,
        0,
        null,
        null,
        null,
        1,
        1,
        null,
        null,
        1,
        7,
        7,
        7,
        7,
        0,
        0,
        null,
        0,
        null,
        null,
        null,
        1,
        2,
        2,
        18,
        5,
        null,
        null,
        2,
        null,
        null,
        null,
        null,
        1,
        null,
        null,
        null,
        null,
        null,
        null,
        null,
        null,
        null,
        1,
        21,
        117,
        117,
        117,
        null,
        117,
        117,
        117,
        null,
        117,
        0,
        null,
        null,
        10,
        null,
        null,
        1,
        130,
        10,
        null,
        10,
        null,
        null,
        null,
        1,
        17,
        6,
        null,
        9,
        null,
        null,
        null,
        1,
        11,
        3,
        null,
        2,
        null,
        null,
        null,
        1,
        3,
        0,
        null,
        null,
        null,
        1,
        0,
        0,
        0,
        0,
        null,
        null,
        null,
        1,
        12,
        5,
        null,
        2,
        0,
        0,
        2,
        2,
        null,
        null
      ]
    },
    "timestamp": 1599357921
  }
}
